Using pre-set license
Built from '2021.3/release' branch; Version is '2021.3.17f1 (3e8111cac19d) revision 4096273'; Using compiler version '192829333'; Build Type 'Release'
OS: 'Windows 11  (10.0.22000) 64bit CoreSingleLanguage' Language: 'tr' Physical Memory: 16304 MB
BatchMode: 1, IsHumanControllingUs: 0, StartBugReporterOnCrash: 0, Is64bit: 1, IsPro: 1

COMMAND LINE ARGUMENTS:
C:\Program Files\Unity\Hub\Editor\2021.3.17f1\Editor\Unity.exe
-adb2
-batchMode
-noUpm
-name
AssetImportWorker0
-projectPath
C:/Users/gokha/Documents/Github Projects_/2D-Flying-Fish/Flying Fish
-logFile
Logs/AssetImportWorker0.log
-srvPort
50742
Successfully changed project path to: C:/Users/gokha/Documents/Github Projects_/2D-Flying-Fish/Flying Fish
C:/Users/gokha/Documents/Github Projects_/2D-Flying-Fish/Flying Fish
[UnityMemory] Configuration Parameters - Can be set up in boot.config
    "memorysetup-bucket-allocator-granularity=16"
    "memorysetup-bucket-allocator-bucket-count=8"
    "memorysetup-bucket-allocator-block-size=33554432"
    "memorysetup-bucket-allocator-block-count=8"
    "memorysetup-main-allocator-block-size=16777216"
    "memorysetup-thread-allocator-block-size=16777216"
    "memorysetup-gfx-main-allocator-block-size=16777216"
    "memorysetup-gfx-thread-allocator-block-size=16777216"
    "memorysetup-cache-allocator-block-size=4194304"
    "memorysetup-typetree-allocator-block-size=2097152"
    "memorysetup-profiler-bucket-allocator-granularity=16"
    "memorysetup-profiler-bucket-allocator-bucket-count=8"
    "memorysetup-profiler-bucket-allocator-block-size=33554432"
    "memorysetup-profiler-bucket-allocator-block-count=8"
    "memorysetup-profiler-allocator-block-size=16777216"
    "memorysetup-profiler-editor-allocator-block-size=1048576"
    "memorysetup-temp-allocator-size-main=16777216"
    "memorysetup-job-temp-allocator-block-size=2097152"
    "memorysetup-job-temp-allocator-block-size-background=1048576"
    "memorysetup-job-temp-allocator-reduction-small-platforms=262144"
    "memorysetup-temp-allocator-size-background-worker=32768"
    "memorysetup-temp-allocator-size-job-worker=262144"
    "memorysetup-temp-allocator-size-preload-manager=33554432"
    "memorysetup-temp-allocator-size-nav-mesh-worker=65536"
    "memorysetup-temp-allocator-size-audio-worker=65536"
    "memorysetup-temp-allocator-size-cloud-worker=32768"
    "memorysetup-temp-allocator-size-gi-baking-worker=262144"
    "memorysetup-temp-allocator-size-gfx=262144"
Player connection [9476] Host "[IP] 192.168.239.1 [Port] 0 [Flags] 2 [Guid] 276536368 [EditorId] 276536368 [Version] 1048832 [Id] WindowsEditor(7,gokhan_gunes) [Debug] 1 [PackageName] WindowsEditor [ProjectName] Editor" joined multi-casting on [225.0.0.222:54997]...

Player connection [9476] Host "[IP] 192.168.239.1 [Port] 0 [Flags] 2 [Guid] 276536368 [EditorId] 276536368 [Version] 1048832 [Id] WindowsEditor(7,gokhan_gunes) [Debug] 1 [PackageName] WindowsEditor [ProjectName] Editor" joined alternative multi-casting on [225.0.0.222:34997]...

Refreshing native plugins compatible for Editor in 110.54 ms, found 4 plugins.
Preloading 0 native plugins for Editor in 0.00 ms.
Initialize engine version: 2021.3.17f1 (3e8111cac19d)
[Subsystems] Discovering subsystems at path C:/Program Files/Unity/Hub/Editor/2021.3.17f1/Editor/Data/Resources/UnitySubsystems
[Subsystems] Discovering subsystems at path C:/Users/gokha/Documents/Github Projects_/2D-Flying-Fish/Flying Fish/Assets
GfxDevice: creating device client; threaded=0; jobified=0
Direct3D:
    Version:  Direct3D 11.0 [level 11.1]
    Renderer: NVIDIA GeForce GTX 1050 (ID=0x1c8d)
    Vendor:   NVIDIA
    VRAM:     4021 MB
    Driver:   24.21.13.9901
Initialize mono
Mono path[0] = 'C:/Program Files/Unity/Hub/Editor/2021.3.17f1/Editor/Data/Managed'
Mono path[1] = 'C:/Program Files/Unity/Hub/Editor/2021.3.17f1/Editor/Data/MonoBleedingEdge/lib/mono/unityjit-win32'
Mono config path = 'C:/Program Files/Unity/Hub/Editor/2021.3.17f1/Editor/Data/MonoBleedingEdge/etc'
Using monoOptions --debugger-agent=transport=dt_socket,embedding=1,server=y,suspend=n,address=127.0.0.1:56984
Begin MonoManager ReloadAssembly
Registering precompiled unity dll's ...
Register platform support module: C:/Program Files/Unity/Hub/Editor/2021.3.17f1/Editor/Data/PlaybackEngines/WindowsStandaloneSupport/UnityEditor.WindowsStandalone.Extensions.dll
Registered in 0.006969 seconds.
Native extension for WindowsStandalone target not found
Refreshing native plugins compatible for Editor in 119.96 ms, found 4 plugins.
Preloading 0 native plugins for Editor in 0.00 ms.
Mono: successfully reloaded assembly
- Completed reload, in  0.842 seconds
Domain Reload Profiling:
	ReloadAssembly (843ms)
		BeginReloadAssembly (107ms)
			ExecutionOrderSort (0ms)
			DisableScriptedObjects (0ms)
			BackupInstance (0ms)
			ReleaseScriptingObjects (0ms)
			CreateAndSetChildDomain (1ms)
		EndReloadAssembly (572ms)
			LoadAssemblies (101ms)
			RebuildTransferFunctionScriptingTraits (0ms)
			SetupTypeCache (125ms)
			ReleaseScriptCaches (0ms)
			RebuildScriptCaches (40ms)
			SetupLoadedEditorAssemblies (332ms)
				LogAssemblyErrors (0ms)
				InitializePlatformSupportModulesInManaged (9ms)
				SetLoadedEditorAssemblies (0ms)
				RefreshPlugins (120ms)
				BeforeProcessingInitializeOnLoad (2ms)
				ProcessInitializeOnLoadAttributes (150ms)
				ProcessInitializeOnLoadMethodAttributes (51ms)
				AfterProcessingInitializeOnLoad (0ms)
				EditorAssembliesLoaded (0ms)
			ExecutionOrderSort2 (0ms)
			AwakeInstancesAfterBackupRestoration (0ms)
Platform modules already initialized, skipping
Registering precompiled user dll's ...
Registered in 0.011717 seconds.
Begin MonoManager ReloadAssembly
Symbol file LoadedFromMemory doesn't match image C:\Users\gokha\Documents\Github Projects_\2D-Flying-Fish\Flying Fish\Library\PackageCache\com.unity.visualscripting@1.8.0\Editor\VisualScripting.Core\Dependencies\YamlDotNet\Unity.VisualScripting.YamlDotNet.dll
Symbol file LoadedFromMemory doesn't match image C:\Users\gokha\Documents\Github Projects_\2D-Flying-Fish\Flying Fish\Library\PackageCache\com.unity.visualscripting@1.8.0\Editor\VisualScripting.Core\Dependencies\DotNetZip\Unity.VisualScripting.IonicZip.dll
Native extension for WindowsStandalone target not found
Refreshing native plugins compatible for Editor in 110.97 ms, found 4 plugins.
Preloading 0 native plugins for Editor in 0.00 ms.
Mono: successfully reloaded assembly
- Completed reload, in  1.501 seconds
Domain Reload Profiling:
	ReloadAssembly (1502ms)
		BeginReloadAssembly (130ms)
			ExecutionOrderSort (0ms)
			DisableScriptedObjects (6ms)
			BackupInstance (0ms)
			ReleaseScriptingObjects (0ms)
			CreateAndSetChildDomain (21ms)
		EndReloadAssembly (1203ms)
			LoadAssemblies (112ms)
			RebuildTransferFunctionScriptingTraits (0ms)
			SetupTypeCache (327ms)
			ReleaseScriptCaches (1ms)
			RebuildScriptCaches (76ms)
			SetupLoadedEditorAssemblies (618ms)
				LogAssemblyErrors (0ms)
				InitializePlatformSupportModulesInManaged (5ms)
				SetLoadedEditorAssemblies (0ms)
				RefreshPlugins (111ms)
				BeforeProcessingInitializeOnLoad (127ms)
				ProcessInitializeOnLoadAttributes (310ms)
				ProcessInitializeOnLoadMethodAttributes (50ms)
				AfterProcessingInitializeOnLoad (15ms)
				EditorAssembliesLoaded (0ms)
			ExecutionOrderSort2 (0ms)
			AwakeInstancesAfterBackupRestoration (9ms)
Platform modules already initialized, skipping
========================================================================
Worker process is ready to serve import requests
Launched and connected shader compiler UnityShaderCompiler.exe after 0.04 seconds
Refreshing native plugins compatible for Editor in 1.09 ms, found 4 plugins.
Preloading 0 native plugins for Editor in 0.00 ms.
Unloading 4061 Unused Serialized files (Serialized files now loaded: 0)
Unloading 44 unused Assets / (229.3 KB). Loaded Objects now: 4511.
Memory consumption went from 150.8 MB to 150.5 MB.
Total: 8.313000 ms (FindLiveObjects: 0.573000 ms CreateObjectMapping: 0.587500 ms MarkObjects: 6.876600 ms  DeleteObjects: 0.273900 ms)

AssetImportParameters requested are different than current active one (requested -> active):
  custom:video-decoder-ogg-theora: a1e56fd34408186e4bbccfd4996cb3dc -> 
  custom:container-muxer-webm: aa71ff27fc2769a1b78a27578f13a17b -> 
  custom:container-demuxer-webm: 4f35f7cbe854078d1ac9338744f61a02 -> 
  custom:video-encoder-webm-vp8: eb34c28f22e8b96e1ab97ce403110664 -> 
  custom:audio-encoder-webm-vorbis: bf7c407c2cedff20999df2af8eb42d56 -> 
  custom:framework-win-MediaFoundation: 216162199b28c13a410421893ffa2e32 -> 
  custom:container-demuxer-ogg: 62fdf1f143b41e24485cea50d1cbac27 -> 
  custom:video-decoder-webm-vp8: 9c59270c3fd7afecdb556c50c9e8de78 -> 
  custom:audio-decoder-ogg-vorbis: bf7c407c2cedff20999df2af8eb42d56 -> 
========================================================================
Received Import Request.
  Time since last request: 60867.037362 seconds.
  path: Assets
  artifactKey: Guid(00000000000000001000000000000000) Importer(815301076,1909f56bfc062723c751e8b465ee728b)
Start importing Assets using Guid(00000000000000001000000000000000) Importer(815301076,1909f56bfc062723c751e8b465ee728b)  -> (artifact id: '79842766b460edbeab6a34051e857a80') in 0.008080 seconds 
========================================================================
Received Import Request.
  Time since last request: 1.811202 seconds.
  path: Assets/Sprites
  artifactKey: Guid(83a5333ec0bbb374093a945fc74bbf0d) Importer(815301076,1909f56bfc062723c751e8b465ee728b)
Start importing Assets/Sprites using Guid(83a5333ec0bbb374093a945fc74bbf0d) Importer(815301076,1909f56bfc062723c751e8b465ee728b)  -> (artifact id: 'bbb27eba92596ab113ec7d364c442622') in 0.003425 seconds 
========================================================================
Received Import Request.
  Time since last request: 17.803511 seconds.
  path: Assets/Sprites/tappy_fish_ui_elements.png
  artifactKey: Guid(97c0a7d5cbf914143bec93530c5cbbb5) Importer(815301076,1909f56bfc062723c751e8b465ee728b)
Start importing Assets/Sprites/tappy_fish_ui_elements.png using Guid(97c0a7d5cbf914143bec93530c5cbbb5) Importer(815301076,1909f56bfc062723c751e8b465ee728b)  -> (artifact id: '36d43c8f765b5cc73bd28166f7587fdb') in 0.409284 seconds 
========================================================================
Received Import Request.
  Time since last request: 153.609973 seconds.
  path: Assets/Sprites/tappy_fish_ui_elements.png
  artifactKey: Guid(97c0a7d5cbf914143bec93530c5cbbb5) Importer(815301076,1909f56bfc062723c751e8b465ee728b)
Start importing Assets/Sprites/tappy_fish_ui_elements.png using Guid(97c0a7d5cbf914143bec93530c5cbbb5) Importer(815301076,1909f56bfc062723c751e8b465ee728b)  -> (artifact id: 'f02148c9a7be94511f58dcbd47aa3035') in 0.235675 seconds 
========================================================================
Received Import Request.
  Time since last request: 178.674624 seconds.
  path: Assets/Sprites/tappy_fish_ui_elements.png
  artifactKey: Guid(97c0a7d5cbf914143bec93530c5cbbb5) Importer(815301076,1909f56bfc062723c751e8b465ee728b)
Start importing Assets/Sprites/tappy_fish_ui_elements.png using Guid(97c0a7d5cbf914143bec93530c5cbbb5) Importer(815301076,1909f56bfc062723c751e8b465ee728b)  -> (artifact id: '465529f97400fe024757d3b4fd444be9') in 0.033164 seconds 
========================================================================
Received Import Request.
  Time since last request: 18.440654 seconds.
  path: Assets/Sprites/tappy_fish_ui_elements.png
  artifactKey: Guid(97c0a7d5cbf914143bec93530c5cbbb5) Importer(815301076,1909f56bfc062723c751e8b465ee728b)
Start importing Assets/Sprites/tappy_fish_ui_elements.png using Guid(97c0a7d5cbf914143bec93530c5cbbb5) Importer(815301076,1909f56bfc062723c751e8b465ee728b)  -> (artifact id: 'a93e5176574ece88cbfaaabfa1df903c') in 0.030991 seconds 
========================================================================
Received Import Request.
  Time since last request: 84.358560 seconds.
  path: Assets/Sprites/tappy_fish_ui_elements.png
  artifactKey: Guid(97c0a7d5cbf914143bec93530c5cbbb5) Importer(815301076,1909f56bfc062723c751e8b465ee728b)
Start importing Assets/Sprites/tappy_fish_ui_elements.png using Guid(97c0a7d5cbf914143bec93530c5cbbb5) Importer(815301076,1909f56bfc062723c751e8b465ee728b)  -> (artifact id: 'b87c11d9f2998e7af898be075ab74425') in 0.266750 seconds 
========================================================================
Received Import Request.
  Time since last request: 1870.403283 seconds.
  path: Assets/Sounds
  artifactKey: Guid(6b6eace1ff19ddc4d883d5c84cd45cee) Importer(815301076,1909f56bfc062723c751e8b465ee728b)
Start importing Assets/Sounds using Guid(6b6eace1ff19ddc4d883d5c84cd45cee) Importer(815301076,1909f56bfc062723c751e8b465ee728b)  -> (artifact id: '2cd198eb48fb85cfc6c481c823c62456') in 0.002746 seconds 
========================================================================
Received Import Request.
  Time since last request: 207.407408 seconds.
  path: Assets/Sprites/tappy_fish_ui_elements.png
  artifactKey: Guid(97c0a7d5cbf914143bec93530c5cbbb5) Importer(815301076,1909f56bfc062723c751e8b465ee728b)
Start importing Assets/Sprites/tappy_fish_ui_elements.png using Guid(97c0a7d5cbf914143bec93530c5cbbb5) Importer(815301076,1909f56bfc062723c751e8b465ee728b)  -> (artifact id: 'a5ab40a510ad59a62553fc3b4b2a3901') in 0.246312 seconds 
========================================================================
Received Import Request.
  Time since last request: 51.144021 seconds.
  path: Assets/Sprites/tappy_fish_ui_elements.png
  artifactKey: Guid(97c0a7d5cbf914143bec93530c5cbbb5) Importer(815301076,1909f56bfc062723c751e8b465ee728b)
Start importing Assets/Sprites/tappy_fish_ui_elements.png using Guid(97c0a7d5cbf914143bec93530c5cbbb5) Importer(815301076,1909f56bfc062723c751e8b465ee728b)  -> (artifact id: '419b5909ad5063d18af60b92b7e36b3a') in 0.026138 seconds 
========================================================================
Received Import Request.
  Time since last request: 227.760603 seconds.
  path: Assets/Sprites/tappy_fish_ui_elements.png
  artifactKey: Guid(97c0a7d5cbf914143bec93530c5cbbb5) Importer(815301076,1909f56bfc062723c751e8b465ee728b)
Start importing Assets/Sprites/tappy_fish_ui_elements.png using Guid(97c0a7d5cbf914143bec93530c5cbbb5) Importer(815301076,1909f56bfc062723c751e8b465ee728b)  -> (artifact id: '6834c824b1b195d27a0839ef53615d05') in 0.025912 seconds 
========================================================================
Received Import Request.
  Time since last request: 1797.309931 seconds.
  path: Assets/Sprites/tappy_fish_ui_elements.png
  artifactKey: Guid(97c0a7d5cbf914143bec93530c5cbbb5) Importer(815301076,1909f56bfc062723c751e8b465ee728b)
Start importing Assets/Sprites/tappy_fish_ui_elements.png using Guid(97c0a7d5cbf914143bec93530c5cbbb5) Importer(815301076,1909f56bfc062723c751e8b465ee728b)  -> (artifact id: '58a72e782eb5ddb80cb1a5f65b5a544c') in 0.294075 seconds 
========================================================================
Received Import Request.
  Time since last request: 105.131648 seconds.
  path: Assets/Sprites/tappy_fish_ui_elements.png
  artifactKey: Guid(97c0a7d5cbf914143bec93530c5cbbb5) Importer(815301076,1909f56bfc062723c751e8b465ee728b)
Start importing Assets/Sprites/tappy_fish_ui_elements.png using Guid(97c0a7d5cbf914143bec93530c5cbbb5) Importer(815301076,1909f56bfc062723c751e8b465ee728b)  -> (artifact id: 'ebbc30c040a835912ddac58b9edf98bf') in 0.253236 seconds 
